# JRE version: OpenJDK Runtime Environment (21.0.8) (build 21.0.8+-14196175-b1038.72)
# Java VM: OpenJDK 64-Bit Server VM (21.0.8+-14196175-b1038.72, mixed mode, tiered, compressed oops, compressed class ptrs, g1 gc, windows-amd64)
GC Precious Log:
 CardTable entry size: 512
 Card Set container configuration: InlinePtr #cards 5 size 8 Array Of Cards #cards 12 size 40 Howl #buckets 4 coarsen threshold 1843 Howl Bitmap #cards 512 size 80 coarsen threshold 460 Card regions per heap region 1 cards per card region 2048
 CPUs: 12 total, 12 available
 Memory: 32613M
 Large Page Support: Disabled
 NUMA Support: Disabled
 Compressed Oops: Enabled (32-bit)
 Heap Region Size: 1M
 Heap Min Capacity: 8M
 Heap Initial Capacity: 510M
 Heap Max Capacity: 2G
 Pre-touch: Disabled
 Parallel Workers: 10
 Concurrent Workers: 3
 Concurrent Refinement Workers: 10
 Periodic GC: Disabled
Heap:
 garbage-first heap   total 532480K, used 249017K [0x0000000080000000, 0x0000000100000000)
  region size 1024K, 4 young (4096K), 4 survivors (4096K)
 Metaspace       used 65081K, committed 66560K, reserved 1114112K
  class space    used 9066K, committed 9792K, reserved 1048576K
GC Heap History (20 events):
Event: 8.931 GC heap after
{Heap after GC invocations=34 (full 0):
 garbage-first heap   total 258048K, used 108116K [0x0000000080000000, 0x0000000100000000)
  region size 1024K, 14 young (14336K), 14 survivors (14336K)
 Metaspace       used 64749K, committed 66240K, reserved 1114112K
  class space    used 9072K, committed 9792K, reserved 1048576K
}
Event: 9.104 GC heap before
{Heap before GC invocations=34 (full 0):
 garbage-first heap   total 258048K, used 230996K [0x0000000080000000, 0x0000000100000000)
  region size 1024K, 132 young (135168K), 14 survivors (14336K)
 Metaspace       used 64750K, committed 66240K, reserved 1114112K
  class space    used 9072K, committed 9792K, reserved 1048576K
}
Event: 9.112 GC heap after
{Heap after GC invocations=35 (full 0):
 garbage-first heap   total 265216K, used 128738K [0x0000000080000000, 0x0000000100000000)
  region size 1024K, 17 young (17408K), 17 survivors (17408K)
 Metaspace       used 64750K, committed 66240K, reserved 1114112K
  class space    used 9072K, committed 9792K, reserved 1048576K
}
Event: 9.131 GC heap before
{Heap before GC invocations=35 (full 0):
 garbage-first heap   total 265216K, used 141026K [0x0000000080000000, 0x0000000100000000)
  region size 1024K, 30 young (30720K), 17 survivors (17408K)
 Metaspace       used 64750K, committed 66240K, reserved 1114112K
  class space    used 9072K, committed 9792K, reserved 1048576K
}
Event: 9.137 GC heap after
{Heap after GC invocations=36 (full 0):
 garbage-first heap   total 265216K, used 140072K [0x0000000080000000, 0x0000000100000000)
  region size 1024K, 10 young (10240K), 10 survivors (10240K)
 Metaspace       used 64750K, committed 66240K, reserved 1114112K
  class space    used 9072K, committed 9792K, reserved 1048576K
}
Event: 9.296 GC heap before
{Heap before GC invocations=37 (full 0):
 garbage-first heap   total 265216K, used 209704K [0x0000000080000000, 0x0000000100000000)
  region size 1024K, 76 young (77824K), 10 survivors (10240K)
 Metaspace       used 64804K, committed 66304K, reserved 1114112K
  class space    used 9065K, committed 9792K, reserved 1048576K
}
Event: 9.308 GC heap after
{Heap after GC invocations=38 (full 0):
 garbage-first heap   total 265216K, used 172544K [0x0000000080000000, 0x0000000100000000)
  region size 1024K, 10 young (10240K), 10 survivors (10240K)
 Metaspace       used 64804K, committed 66304K, reserved 1114112K
  class space    used 9065K, committed 9792K, reserved 1048576K
}
Event: 9.380 GC heap before
{Heap before GC invocations=38 (full 0):
 garbage-first heap   total 265216K, used 217600K [0x0000000080000000, 0x0000000100000000)
  region size 1024K, 55 young (56320K), 10 survivors (10240K)
 Metaspace       used 64902K, committed 66368K, reserved 1114112K
  class space    used 9065K, committed 9792K, reserved 1048576K
}
Event: 9.389 GC heap after
{Heap after GC invocations=39 (full 0):
 garbage-first heap   total 265216K, used 191488K [0x0000000080000000, 0x0000000100000000)
  region size 1024K, 7 young (7168K), 7 survivors (7168K)
 Metaspace       used 64902K, committed 66368K, reserved 1114112K
  class space    used 9065K, committed 9792K, reserved 1048576K
}
Event: 9.406 GC heap before
{Heap before GC invocations=39 (full 0):
 garbage-first heap   total 265216K, used 200704K [0x0000000080000000, 0x0000000100000000)
  region size 1024K, 17 young (17408K), 7 survivors (7168K)
 Metaspace       used 64906K, committed 66368K, reserved 1114112K
  class space    used 9065K, committed 9792K, reserved 1048576K
}
Event: 9.411 GC heap after
{Heap after GC invocations=40 (full 0):
 garbage-first heap   total 441344K, used 197898K [0x0000000080000000, 0x0000000100000000)
  region size 1024K, 5 young (5120K), 5 survivors (5120K)
 Metaspace       used 64906K, committed 66368K, reserved 1114112K
  class space    used 9065K, committed 9792K, reserved 1048576K
}
Event: 9.526 GC heap before
{Heap before GC invocations=40 (full 0):
 garbage-first heap   total 441344K, used 324874K [0x0000000080000000, 0x0000000100000000)
  region size 1024K, 128 young (131072K), 5 survivors (5120K)
 Metaspace       used 65016K, committed 66496K, reserved 1114112K
  class space    used 9065K, committed 9792K, reserved 1048576K
}
Event: 9.534 GC heap after
{Heap after GC invocations=41 (full 0):
 garbage-first heap   total 441344K, used 218029K [0x0000000080000000, 0x0000000100000000)
  region size 1024K, 16 young (16384K), 16 survivors (16384K)
 Metaspace       used 65016K, committed 66496K, reserved 1114112K
  class space    used 9065K, committed 9792K, reserved 1048576K
}
Event: 9.554 GC heap before
{Heap before GC invocations=41 (full 0):
 garbage-first heap   total 441344K, used 253869K [0x0000000080000000, 0x0000000100000000)
  region size 1024K, 52 young (53248K), 16 survivors (16384K)
 Metaspace       used 65030K, committed 66496K, reserved 1114112K
  class space    used 9065K, committed 9792K, reserved 1048576K
}
Event: 9.562 GC heap after
{Heap after GC invocations=42 (full 0):
 garbage-first heap   total 441344K, used 225532K [0x0000000080000000, 0x0000000100000000)
  region size 1024K, 7 young (7168K), 7 survivors (7168K)
 Metaspace       used 65030K, committed 66496K, reserved 1114112K
  class space    used 9065K, committed 9792K, reserved 1048576K
}
Event: 9.691 GC heap before
{Heap before GC invocations=43 (full 0):
 garbage-first heap   total 441344K, used 341244K [0x0000000080000000, 0x0000000100000000)
  region size 1024K, 130 young (133120K), 7 survivors (7168K)
 Metaspace       used 65054K, committed 66560K, reserved 1114112K
  class space    used 9065K, committed 9792K, reserved 1048576K
}
Event: 9.701 GC heap after
{Heap after GC invocations=44 (full 0):
 garbage-first heap   total 441344K, used 236544K [0x0000000080000000, 0x0000000100000000)
  region size 1024K, 17 young (17408K), 17 survivors (17408K)
 Metaspace       used 65054K, committed 66560K, reserved 1114112K
  class space    used 9065K, committed 9792K, reserved 1048576K
}
Event: 9.886 GC heap before
{Heap before GC invocations=44 (full 0):
 garbage-first heap   total 441344K, used 362496K [0x0000000080000000, 0x0000000100000000)
  region size 1024K, 138 young (141312K), 17 survivors (17408K)
 Metaspace       used 65080K, committed 66560K, reserved 1114112K
  class space    used 9066K, committed 9792K, reserved 1048576K
}
Event: 9.900 GC heap after
{Heap after GC invocations=45 (full 0):
 garbage-first heap   total 441344K, used 242476K [0x0000000080000000, 0x0000000100000000)
  region size 1024K, 18 young (18432K), 18 survivors (18432K)
 Metaspace       used 65080K, committed 66560K, reserved 1114112K
  class space    used 9066K, committed 9792K, reserved 1048576K
}
Event: 10.093 GC heap before
{Heap before GC invocations=45 (full 0):
 garbage-first heap   total 441344K, used 358188K [0x0000000080000000, 0x0000000100000000)
  region size 1024K, 131 young (134144K), 18 survivors (18432K)
 Metaspace       used 65081K, committed 66560K, reserved 1114112K
  class space    used 9066K, committed 9792K, reserved 1048576K
}

